<?xml version="1.0" encoding="UTF-8"?>
<!-- Generated by org.testng.reporters.JUnitXMLReporter -->
<testsuite hostname="Lenovo-PC" ignored="0" tests="6" failures="0" timestamp="05 Mar 2020 18:33:08 GMT" time="135.787" errors="0">
  <testcase name="demo" time="10.435" classname="TestNGDemo"/>
  <testcase name="demo1" time="21.892" classname="TestNGDemo"/>
  <testcase name="createUser" time="0.001" classname="Dataprovider"/>
  <testcase name="createUser" time="0.002" classname="Dataprovider"/>
  <testcase name="createUser" time="0.001" classname="Dataprovider"/>
  <testcase name="createUser" time="0.003" classname="Dataprovider"/>
</testsuite>
